<?xml version="1.0" encoding="UTF-8"?>
<Site BuildName="(empty)"
	BuildStamp="20240711-0335-Experimental"
	Name="baklawa"
	Generator="ctest-3.26.4"
	CompilerName="/usr/bin/c++"
	CompilerVersion="9.4.0"
	OSName="Linux"
	Hostname="baklawa"
	OSRelease="5.15.0-107-generic"
	OSVersion="#117~20.04.1-Ubuntu SMP Tue Apr 30 10:35:57 UTC 2024"
	OSPlatform="x86_64"
	Is64Bits="1"
	VendorString="GenuineIntel"
	VendorID="Intel Corporation"
	FamilyID="6"
	ModelID="142"
	ProcessorCacheSize="8192"
	NumberOfLogicalCPU="8"
	NumberOfPhysicalCPU="4"
	TotalVirtualMemory="24033"
	TotalPhysicalMemory="31940"
	LogicalProcessorsPerPhysical="2"
	ProcessorClockFrequency="2159.55"
	>
	<Testing>
		<StartDateTime>Jul 11 09:05 IST</StartDateTime>
		<StartTestTime>1720668956</StartTestTime>
		<TestList/>
		<EndDateTime>Jul 11 09:05 IST</EndDateTime>
		<EndTestTime>1720668956</EndTestTime>
		<ElapsedMinutes>0</ElapsedMinutes>
	</Testing>
</Site>
